{
  "RSpec": {
    "coverage": {
      "/Users/lizziecoady/Projects/bookmark_manager/spec/bookmark_spec.rb": [
        1,
        null,
        1,
        null,
        1,
        null,
        1,
        1,
        null,
        1,
        1,
        null,
        null,
        null,
        null,
        null
      ],
      "/Users/lizziecoady/Projects/bookmark_manager/spec/testing_infrastructure/viewing_bookmarks_spec.rb": [
        1,
        null,
        1,
        1,
        1,
        null,
        null,
        1,
        1,
        1,
        1,
        null,
        null,
        null
      ]
    },
    "timestamp": 1551276659
  }
}
